<?xml version="1.0" encoding="UTF-8"?>
<!-- Generated by org.testng.reporters.JUnitReportReporter -->
<testsuite hostname="Solanki" name="LoginTestNGTest" tests="4" failures="0" timestamp="9 Jun 2016 12:27:13 GMT" time="0.000" errors="0">
  <testcase name="aTest" time="0.000" classname="LoginTestNGTest"/>
  <testcase name="cleanUp" time="0.000" classname="LoginTestNGTest"/>
  <testcase name="testMethodTwo" time="0.000" classname="LoginTestNGTest"/>
  <testcase name="testMethodOne" time="0.000" classname="LoginTestNGTest"/>
</testsuite>
